<?xml version="1.0" encoding="UTF-8"?>
<testng-results skipped="0" failed="0" ignored="0" total="1" passed="1">
  <reporter-output>
    <line>
      <![CDATA[<div "result">i navigate to google homepage (PASSED : 1s)</div>]]>
    </line>
    <line>
      <![CDATA[<div "result">I enter a leyword to search (PASSED : 0s)</div>]]>
    </line>
    <line>
      <![CDATA[<div "result">I click on search button (PASSED : 2s)</div>]]>
    </line>
    <line>
      <![CDATA[<div "result">I should be able to see the title contains the keyword (PASSED : 0s)</div>]]>
    </line>
  </reporter-output>
  <suite name="Default suite" duration-ms="10279" started-at="2018-03-20T22:37:12Z" finished-at="2018-03-20T22:37:22Z">
    <groups>
      <group name="cucumber">
        <method signature="AbstractTestNGCucumberTests.runScenario(cucumber.api.testng.PickleEventWrapper, cucumber.api.testng.CucumberFeatureWrapper)[pri:0, instance:runnerPackage.TestRunner@2f686d1f]" name="runScenario" class="cucumber.api.testng.AbstractTestNGCucumberTests"/>
      </group> <!-- cucumber -->
    </groups>
    <test name="Default test" duration-ms="10279" started-at="2018-03-20T22:37:12Z" finished-at="2018-03-20T22:37:22Z">
      <class name="runnerPackage.TestRunner">
        <test-method status="PASS" signature="setUp()[pri:0, instance:runnerPackage.TestRunner@2f686d1f]" name="setUp" is-config="true" duration-ms="5424" started-at="2018-03-20T22:37:12Z" finished-at="2018-03-20T22:37:17Z">
          <reporter-output>
          </reporter-output>
        </test-method> <!-- setUp -->
        <test-method status="PASS" signature="setUpClass()[pri:0, instance:runnerPackage.TestRunner@2f686d1f]" name="setUpClass" is-config="true" duration-ms="445" started-at="2018-03-20T22:37:17Z" finished-at="2018-03-20T22:37:18Z">
          <reporter-output>
          </reporter-output>
        </test-method> <!-- setUpClass -->
        <test-method status="PASS" signature="runScenario(cucumber.api.testng.PickleEventWrapper, cucumber.api.testng.CucumberFeatureWrapper)[pri:0, instance:runnerPackage.TestRunner@2f686d1f]" name="runScenario" duration-ms="4254" started-at="2018-03-20T22:37:18Z" description="Runs Cucumber Scenarios" data-provider="scenarios" finished-at="2018-03-20T22:37:22Z">
          <params>
            <param index="0">
              <value>
                <![CDATA["User searchs an item on Google and checks if the title matches the keyword"]]>
              </value>
            </param>
            <param index="1">
              <value>
                <![CDATA["This is just a test feature for cucumber"]]>
              </value>
            </param>
          </params>
          <reporter-output>
            <line>
              <![CDATA[<div "result">i navigate to google homepage (PASSED : 1s)</div>]]>
            </line>
            <line>
              <![CDATA[<div "result">I enter a leyword to search (PASSED : 0s)</div>]]>
            </line>
            <line>
              <![CDATA[<div "result">I click on search button (PASSED : 2s)</div>]]>
            </line>
            <line>
              <![CDATA[<div "result">I should be able to see the title contains the keyword (PASSED : 0s)</div>]]>
            </line>
          </reporter-output>
        </test-method> <!-- runScenario -->
        <test-method status="PASS" signature="tearDownClass()[pri:0, instance:runnerPackage.TestRunner@2f686d1f]" name="tearDownClass" is-config="true" duration-ms="0" started-at="2018-03-20T22:37:22Z" finished-at="2018-03-20T22:37:22Z">
          <reporter-output>
          </reporter-output>
        </test-method> <!-- tearDownClass -->
      </class> <!-- runnerPackage.TestRunner -->
    </test> <!-- Default test -->
  </suite> <!-- Default suite -->
</testng-results>
